<?xml version="1.0" encoding="UTF-8"?>
<testsuite name="com.ait.tests.LoginTests" tests="4" skipped="0" failures="0" errors="0" timestamp="2024-06-25T10:25:03" hostname="DESKTOP-HCKIUS8" time="5.792">
  <properties/>
  <testcase name="loginUserFromCsv[0](com.ait.models.User@203c20cf)" classname="com.ait.tests.LoginTests" time="1.642"/>
  <testcase name="loginUserFromCsv[1](com.ait.models.User@7a8136b3)" classname="com.ait.tests.LoginTests" time="1.469"/>
  <testcase name="loginUserFromCsv[2](com.ait.models.User@4b1a43d8)" classname="com.ait.tests.LoginTests" time="1.537"/>
  <testcase name="loginPositiveTest" classname="com.ait.tests.LoginTests" time="1.069"/>
  <system-out><![CDATA[12:25:03.365 [Test worker] INFO  com.ait.tests.TestBase -- Start test!loginUserFromCsvwith data: [com.ait.models.User@203c20cf]
12:25:05.069 [Test worker] INFO  com.ait.tests.TestBase -- PASSED: loginUserFromCsv
12:25:05.070 [Test worker] INFO  com.ait.tests.TestBase -- Stop Test!
12:25:05.070 [Test worker] INFO  com.ait.tests.TestBase -- ================================================================================================
12:25:05.073 [Test worker] INFO  com.ait.tests.TestBase -- Start test!loginUserFromCsvwith data: [com.ait.models.User@7a8136b3]
12:25:06.560 [Test worker] INFO  com.ait.tests.TestBase -- PASSED: loginUserFromCsv
12:25:06.561 [Test worker] INFO  com.ait.tests.TestBase -- Stop Test!
12:25:06.561 [Test worker] INFO  com.ait.tests.TestBase -- ================================================================================================
12:25:06.563 [Test worker] INFO  com.ait.tests.TestBase -- Start test!loginUserFromCsvwith data: [com.ait.models.User@4b1a43d8]
12:25:08.119 [Test worker] INFO  com.ait.tests.TestBase -- PASSED: loginUserFromCsv
12:25:08.120 [Test worker] INFO  com.ait.tests.TestBase -- Stop Test!
12:25:08.120 [Test worker] INFO  com.ait.tests.TestBase -- ================================================================================================
12:25:08.126 [Test worker] INFO  com.ait.tests.TestBase -- Start test!loginPositiveTestwith data: []
12:25:09.213 [Test worker] INFO  com.ait.tests.TestBase -- PASSED: loginPositiveTest
12:25:09.214 [Test worker] INFO  com.ait.tests.TestBase -- Stop Test!
12:25:09.214 [Test worker] INFO  com.ait.tests.TestBase -- ================================================================================================
]]></system-out>
  <system-err><![CDATA[]]></system-err>
</testsuite>
